<?xml version="1.0" encoding="UTF-8"?>
<!-- Generated by org.testng.reporters.JUnitReportReporter -->
<testsuite hostname="DESKTOP-B3TFU7I" failures="0" tests="1" name="RunnerTest" time="47.659" errors="0" timestamp="2022-06-04T01:28:24 MSK" skipped="0">
  <testcase classname="RunnerTest" name="runScenario" time="47.659"/>
  <system-out/>
</testsuite> <!-- RunnerTest -->
